<?xml version="1.0" encoding="UTF-8"?>
<testsuite xmlns:xsi="http://www.w3.org/2001/XMLSchema-instance" xsi:noNamespaceSchemaLocation="https://maven.apache.org/surefire/maven-surefire-plugin/xsd/surefire-test-report.xsd" name="inf226.inforum.InforumTest" time="0.391" tests="1" errors="1" skipped="0" failures="0">
  <properties>
    <property name="sun.desktop" value="windows"/>
    <property name="awt.toolkit" value="sun.awt.windows.WToolkit"/>
    <property name="file.encoding.pkg" value="sun.io"/>
    <property name="java.specification.version" value="1.8"/>
    <property name="sun.cpu.isalist" value="amd64"/>
    <property name="sun.jnu.encoding" value="Cp1252"/>
    <property name="java.class.path" value="C:\Skule\INF226 programvaresikkerhet\Oblig3\Group-1-Inforum\target\test-classes;C:\Skule\INF226 programvaresikkerhet\Oblig3\Group-1-Inforum\target\classes;C:\Users\Atle\.m2\repository\org\eclipse\jetty\jetty-server\9.4.9.v20180320\jetty-server-9.4.9.v20180320.jar;C:\Users\Atle\.m2\repository\javax\servlet\javax.servlet-api\3.1.0\javax.servlet-api-3.1.0.jar;C:\Users\Atle\.m2\repository\org\eclipse\jetty\jetty-http\9.4.9.v20180320\jetty-http-9.4.9.v20180320.jar;C:\Users\Atle\.m2\repository\org\eclipse\jetty\jetty-util\9.4.9.v20180320\jetty-util-9.4.9.v20180320.jar;C:\Users\Atle\.m2\repository\org\eclipse\jetty\jetty-io\9.4.9.v20180320\jetty-io-9.4.9.v20180320.jar;C:\Users\Atle\.m2\repository\org\junit\jupiter\junit-jupiter-api\5.4.2\junit-jupiter-api-5.4.2.jar;C:\Users\Atle\.m2\repository\org\apiguardian\apiguardian-api\1.0.0\apiguardian-api-1.0.0.jar;C:\Users\Atle\.m2\repository\org\opentest4j\opentest4j\1.1.1\opentest4j-1.1.1.jar;C:\Users\Atle\.m2\repository\org\junit\platform\junit-platform-commons\1.4.2\junit-platform-commons-1.4.2.jar;C:\Users\Atle\.m2\repository\org\junit\jupiter\junit-jupiter-engine\5.4.2\junit-jupiter-engine-5.4.2.jar;C:\Users\Atle\.m2\repository\org\junit\platform\junit-platform-engine\1.4.2\junit-platform-engine-1.4.2.jar;C:\Users\Atle\.m2\repository\org\xerial\sqlite-jdbc\3.28.0\sqlite-jdbc-3.28.0.jar;C:\Users\Atle\.m2\repository\com\lambdaworks\scrypt\1.4.0\scrypt-1.4.0.jar;"/>
    <property name="java.vm.vendor" value="Oracle Corporation"/>
    <property name="sun.arch.data.model" value="64"/>
    <property name="user.variant" value="NY"/>
    <property name="java.vendor.url" value="http://java.oracle.com/"/>
    <property name="user.timezone" value="Europe/Berlin"/>
    <property name="java.vm.specification.version" value="1.8"/>
    <property name="os.name" value="Windows 10"/>
    <property name="user.country" value="NO"/>
    <property name="sun.java.launcher" value="SUN_STANDARD"/>
    <property name="sun.boot.library.path" value="C:\Program Files\Java\jdk1.8.0_221\jre\bin"/>
    <property name="sun.java.command" value="C:\Users\Atle\AppData\Local\Temp\surefire5621143980230887670\surefirebooter7903849586983519040.jar C:\Users\Atle\AppData\Local\Temp\surefire5621143980230887670 2019-11-13T16-00-51_786-jvmRun1 surefire8695617206236193183tmp surefire_06581531248032801640tmp"/>
    <property name="surefire.test.class.path" value="C:\Skule\INF226 programvaresikkerhet\Oblig3\Group-1-Inforum\target\test-classes;C:\Skule\INF226 programvaresikkerhet\Oblig3\Group-1-Inforum\target\classes;C:\Users\Atle\.m2\repository\org\eclipse\jetty\jetty-server\9.4.9.v20180320\jetty-server-9.4.9.v20180320.jar;C:\Users\Atle\.m2\repository\javax\servlet\javax.servlet-api\3.1.0\javax.servlet-api-3.1.0.jar;C:\Users\Atle\.m2\repository\org\eclipse\jetty\jetty-http\9.4.9.v20180320\jetty-http-9.4.9.v20180320.jar;C:\Users\Atle\.m2\repository\org\eclipse\jetty\jetty-util\9.4.9.v20180320\jetty-util-9.4.9.v20180320.jar;C:\Users\Atle\.m2\repository\org\eclipse\jetty\jetty-io\9.4.9.v20180320\jetty-io-9.4.9.v20180320.jar;C:\Users\Atle\.m2\repository\org\junit\jupiter\junit-jupiter-api\5.4.2\junit-jupiter-api-5.4.2.jar;C:\Users\Atle\.m2\repository\org\apiguardian\apiguardian-api\1.0.0\apiguardian-api-1.0.0.jar;C:\Users\Atle\.m2\repository\org\opentest4j\opentest4j\1.1.1\opentest4j-1.1.1.jar;C:\Users\Atle\.m2\repository\org\junit\platform\junit-platform-commons\1.4.2\junit-platform-commons-1.4.2.jar;C:\Users\Atle\.m2\repository\org\junit\jupiter\junit-jupiter-engine\5.4.2\junit-jupiter-engine-5.4.2.jar;C:\Users\Atle\.m2\repository\org\junit\platform\junit-platform-engine\1.4.2\junit-platform-engine-1.4.2.jar;C:\Users\Atle\.m2\repository\org\xerial\sqlite-jdbc\3.28.0\sqlite-jdbc-3.28.0.jar;C:\Users\Atle\.m2\repository\com\lambdaworks\scrypt\1.4.0\scrypt-1.4.0.jar;"/>
    <property name="sun.cpu.endian" value="little"/>
    <property name="user.home" value="C:\Users\Atle"/>
    <property name="user.language" value="no"/>
    <property name="java.specification.vendor" value="Oracle Corporation"/>
    <property name="java.home" value="C:\Program Files\Java\jdk1.8.0_221\jre"/>
    <property name="basedir" value="C:\Skule\INF226 programvaresikkerhet\Oblig3\Group-1-Inforum"/>
    <property name="file.separator" value="\"/>
    <property name="line.separator" value="&#10;"/>
    <property name="java.vm.specification.vendor" value="Oracle Corporation"/>
    <property name="java.specification.name" value="Java Platform API Specification"/>
    <property name="java.awt.graphicsenv" value="sun.awt.Win32GraphicsEnvironment"/>
    <property name="surefire.real.class.path" value="C:\Users\Atle\AppData\Local\Temp\surefire5621143980230887670\surefirebooter7903849586983519040.jar"/>
    <property name="sun.boot.class.path" value="C:\Program Files\Java\jdk1.8.0_221\jre\lib\resources.jar;C:\Program Files\Java\jdk1.8.0_221\jre\lib\rt.jar;C:\Program Files\Java\jdk1.8.0_221\jre\lib\sunrsasign.jar;C:\Program Files\Java\jdk1.8.0_221\jre\lib\jsse.jar;C:\Program Files\Java\jdk1.8.0_221\jre\lib\jce.jar;C:\Program Files\Java\jdk1.8.0_221\jre\lib\charsets.jar;C:\Program Files\Java\jdk1.8.0_221\jre\lib\jfr.jar;C:\Program Files\Java\jdk1.8.0_221\jre\classes"/>
    <property name="user.script" value=""/>
    <property name="sun.management.compiler" value="HotSpot 64-Bit Tiered Compilers"/>
    <property name="java.runtime.version" value="1.8.0_221-b11"/>
    <property name="user.name" value="Atle"/>
    <property name="path.separator" value=";"/>
    <property name="os.version" value="10.0"/>
    <property name="java.endorsed.dirs" value="C:\Program Files\Java\jdk1.8.0_221\jre\lib\endorsed"/>
    <property name="java.runtime.name" value="Java(TM) SE Runtime Environment"/>
    <property name="file.encoding" value="Cp1252"/>
    <property name="java.vm.name" value="Java HotSpot(TM) 64-Bit Server VM"/>
    <property name="localRepository" value="C:\Users\Atle\.m2\repository"/>
    <property name="java.vendor.url.bug" value="http://bugreport.sun.com/bugreport/"/>
    <property name="java.io.tmpdir" value="C:\Users\Atle\AppData\Local\Temp\"/>
    <property name="java.version" value="1.8.0_221"/>
    <property name="user.dir" value="C:\Skule\INF226 programvaresikkerhet\Oblig3\Group-1-Inforum"/>
    <property name="os.arch" value="amd64"/>
    <property name="java.vm.specification.name" value="Java Virtual Machine Specification"/>
    <property name="java.awt.printerjob" value="sun.awt.windows.WPrinterJob"/>
    <property name="sun.os.patch.level" value=""/>
    <property name="java.library.path" value="C:\Program Files\Java\jdk1.8.0_221\jre\bin;C:\WINDOWS\Sun\Java\bin;C:\WINDOWS\system32;C:\WINDOWS;C:\Users\Atle\bin;C:\Program Files\Git\mingw64\bin;C:\Program Files\Git\usr\local\bin;C:\Program Files\Git\usr\bin;C:\Program Files\Git\usr\bin;C:\Program Files\Git\mingw64\bin;C:\Program Files\Git\usr\bin;C:\Users\Atle\bin;C:\Program Files\Java\jdk1.8.0_221\bin;C:\program files (x86)\common files\oracle\java\javapath;C:\programdata\oracle\java\javapath;C:\program files (x86)\intel\icls client;C:\program files\intel\icls client;C:\windows\system32;C:\windows;C:\windows\system32\wbem;C:\windows\system32\windowspowershell\v1.0;C:\program files (x86)\intel\intel(r) management engine components\dal;C:\program files\intel\intel(r) management engine components\dal;C:\program files (x86)\intel\intel(r) management engine components\ipt;C:\program files\intel\intel(r) management engine components\ipt;C:\program files\intel\wifi\bin;C:\program files\common files\intel\wirelesscommon;C:\windows\system32\openssh;C:\Program Files (x86)\NVIDIA Corporation\PhysX\Common;C:\Program Files\Git\cmd;C:\WINDOWS\system32;C:\WINDOWS;C:\WINDOWS\System32\Wbem;C:\WINDOWS\System32\WindowsPowerShell\v1.0;C:\WINDOWS\System32\OpenSSH;C:\Program Files\NVIDIA Corporation\NVIDIA NvDLISR;C:\Program Files\Apache\apache-maven-3.6.1\bin;C:\Program Files\Apache\apache-maven-3.6.1\bin;C:\glassfish5\bin;C:\Program Files\glassfish5\javadb\bin;%SYSTEMROOM%\System32\OpenSSH;C:\Program Files\nodejs;C:\Users\Atle\AppData\Local\Microsoft\WindowsApps;C:\Program Files\Intel\WiFi\bin;C:\Program Files\Common Files\Intel\WirelessCommon;C:\Users\Atle\AppData\Local\GitHubDesktop\bin;C:\Program Files\heroku\bin;C:\Users\Atle\AppData\Local\Microsoft\WindowsApps;C:\Program Files\Apache\apache-maven-3.6.1;C:\Users\Atle\AppData\Roaming\npm;C:\Program Files\Git\usr\bin\vendor_perl;C:\Program Files\Git\usr\bin\core_perl;."/>
    <property name="java.vm.info" value="mixed mode"/>
    <property name="java.vendor" value="Oracle Corporation"/>
    <property name="java.vm.version" value="25.221-b11"/>
    <property name="java.ext.dirs" value="C:\Program Files\Java\jdk1.8.0_221\jre\lib\ext;C:\WINDOWS\Sun\Java\lib\ext"/>
    <property name="sun.io.unicode.encoding" value="UnicodeLittle"/>
    <property name="java.class.version" value="52.0"/>
  </properties>
  <testcase name="deleteForumMessage" classname="inf226.inforum.InforumTest" time="0.387">
    <error message="[SQLITE_ERROR] SQL error or missing database (duplicate column name: password)" type="org.sqlite.SQLiteException">org.sqlite.SQLiteException: [SQLITE_ERROR] SQL error or missing database (duplicate column name: password)
	at inf226.inforum.InforumTest.deleteForumMessage(InforumTest.java:11)
</error>
  </testcase>
</testsuite>